
ROM used:   258/8192 (3%)
            258/8192 (3%) including unused fragments

            0.3 Average locations per line
            6.5 Average locations per statement

RAM used:   16/368 (4%) at main() level
            19/368 (5%) worst case

Stack used: 1 worst case (0 in main + 1 for interrupts)
Stack size: 8

Lines Stmts  %   Files
----- ----- ---  -----
   99    40 100  Pic Slave I2C.c
  769     0   0  ..\..\..\..\..\..\..\Program Files (x86)\PICC\Devices\16F887.h
----- -----
  868    40 Total

Page ROM  %  RAM    Vol Diff  Functions:
---- --- --- ---    --- ----  ----------
0     23   9    1             @delay_ms1
 Inline         1             @I2C_WRITE_1
0     89  34    2    445  3.9  SSP_isr
0     97  38    1    370  3.3  MAIN
 Inline         0             @cinit1

Program metrics:
    Functions               2
    Statements              40
    Comments                174
    Volume (V)              975
    Difficulty (D)          6.8
    Effort to implement (E) 6670
    Time to implement (T)   6 minutes
    Est Delivered Bugs (B)  0
    Cyclomatic Complexity   8
    Maintainability (MI)    137

 Segment     Used  Free
-----------  ----  ----
00000-00003     4  0  
00004-00030    45  0  
00031-007FF   209  1790  
00800-00FFF     0  2048  
01000-017FF     0  2048  
01800-01FFF     0  2048  



