
ROM used:   196/8192 (2%)
            196/8192 (2%) including unused fragments

            0.2 Average locations per line
            5.2 Average locations per statement

RAM used:   9/368 (2%) at main() level
            9/368 (2%) worst case

Stack used: 2 worst case (2 in main + 0 for interrupts)
Stack size: 8

Lines Stmts  %   Files
----- ----- ---  -----
   89    38 100  Pic Master I2C.c
  769     0   0  ..\..\..\..\..\..\..\Program Files (x86)\PICC\Devices\16F887.h
----- -----
  858    38 Total

Page ROM  %  RAM    Vol Diff  Functions:
---- --- --- ---    --- ----  ----------
0     23  12    1             @delay_ms1
0     16   8    1             @I2C_WRITEU_1
0     18   9    1             @I2C_READU_1
0     17   9    0     55  1.1  envio_I2C
0    118  60    1    691  3.8  MAIN
 Inline         0             @cinit1

Program metrics:
    Functions               2
    Statements              38
    Comments                174
    Volume (V)              830
    Difficulty (D)          4.8
    Effort to implement (E) 3957
    Time to implement (T)   4 minutes
    Est Delivered Bugs (B)  0
    Cyclomatic Complexity   6
    Maintainability (MI)    139

 Segment     Used  Free
-----------  ----  ----
00000-00003     4  0  
00004-007FF   192  1852  
00800-00FFF     0  2048  
01000-017FF     0  2048  
01800-01FFF     0  2048  



